<?xml version="1.0" encoding="UTF-8"?>
<!-- Generated by org.testng.reporters.JUnitReportReporter -->
<testsuite skipped="0" hostname="DESKTOP-AD0B9BO" name="TestSuites.ICJQuickSearch" tests="1" failures="0" timestamp="22 Sep 2017 21:26:44 GMT" time="120.244" errors="0">
  <testcase name="icjApplicationLoginAndVerifyQuickSearch" time="120.244" classname="TestSuites.ICJQuickSearch"/>
</testsuite> <!-- TestSuites.ICJQuickSearch -->
